<?xml version="1.0" encoding="utf-8"?>
<TestRun id="6e61d2f3-6c49-4a9c-8542-a9321cb99d84" name="ntpho@ASUS 2026-06-09 11:32:20" runUser="ASUS\ntpho" xmlns="http://microsoft.com/schemas/VisualStudio/TeamTest/2010">
  <Times creation="2026-06-09T11:32:20.4736723+07:00" queuing="2026-06-09T11:32:20.4736727+07:00" start="2026-06-09T11:32:19.7254164+07:00" finish="2026-06-09T11:32:20.4774201+07:00" />
  <TestSettings name="default" id="89496fe5-5fa0-4db0-8d61-f7ced6123ef3">
    <Deployment runDeploymentRoot="ntpho_ASUS_2026-06-09_11_32_20" />
  </TestSettings>
  <Results>
    <UnitTestResult executionId="a6e9aef0-ea77-465c-9cbf-65f95cbf6e37" testId="190cb0aa-e4fe-b785-d1d6-4299927c8964" testName="CalculatorTests.Add_PositiveAndNegativeNumbers_ReturnsCorrectSum" computerName="ASUS" duration="00:00:00.0470038" startTime="2026-06-09T11:32:20.3381774+07:00" endTime="2026-06-09T11:32:20.3790715+07:00" testType="13cdc9d9-ddb5-4fa4-a97d-d965ccfc6d4b" outcome="Passed" testListId="8c84fa94-04c1-424b-9868-57a2d4851a1d" relativeResultsDirectory="a6e9aef0-ea77-465c-9cbf-65f95cbf6e37" />
    <UnitTestResult executionId="334abb4d-b61d-46a5-b77c-c094378c06e3" testId="bd674f13-82e0-2102-e116-f4214d1e84c4" testName="CalculatorTests.Add_TwoPositiveNumbers_ReturnsCorrectSum" computerName="ASUS" duration="00:00:00.0000682" startTime="2026-06-09T11:32:20.3883559+07:00" endTime="2026-06-09T11:32:20.3883908+07:00" testType="13cdc9d9-ddb5-4fa4-a97d-d965ccfc6d4b" outcome="Passed" testListId="8c84fa94-04c1-424b-9868-57a2d4851a1d" relativeResultsDirectory="334abb4d-b61d-46a5-b77c-c094378c06e3" />
    <UnitTestResult executionId="fcd82a39-2162-4d6c-b7c6-e8873a7d2d0c" testId="ae18abb5-d087-311c-c0f9-81a94a511e0e" testName="CalculatorTests.Add_TwoNegativeNumbers_ReturnsCorrectSum" computerName="ASUS" duration="00:00:00.0000961" startTime="2026-06-09T11:32:20.3875300+07:00" endTime="2026-06-09T11:32:20.3875959+07:00" testType="13cdc9d9-ddb5-4fa4-a97d-d965ccfc6d4b" outcome="Passed" testListId="8c84fa94-04c1-424b-9868-57a2d4851a1d" relativeResultsDirectory="fcd82a39-2162-4d6c-b7c6-e8873a7d2d0c" />
  </Results>
  <TestDefinitions>
    <UnitTest name="CalculatorTests.Add_TwoPositiveNumbers_ReturnsCorrectSum" storage="c:\code\c#\genal_console_llm_autotest_ci_cd\unittest\bin\release\net8.0\unittest.dll" id="bd674f13-82e0-2102-e116-f4214d1e84c4">
      <Execution id="334abb4d-b61d-46a5-b77c-c094378c06e3" />
      <TestMethod codeBase="C:\Code\C#\GenAl_Console_LLM_AutoTest_CI_CD\UnitTest\bin\Release\net8.0\UnitTest.dll" adapterTypeName="executor://xunit/VsTestRunner3/netcore/" className="CalculatorTests" name="Add_TwoPositiveNumbers_ReturnsCorrectSum" />
    </UnitTest>
    <UnitTest name="CalculatorTests.Add_PositiveAndNegativeNumbers_ReturnsCorrectSum" storage="c:\code\c#\genal_console_llm_autotest_ci_cd\unittest\bin\release\net8.0\unittest.dll" id="190cb0aa-e4fe-b785-d1d6-4299927c8964">
      <Execution id="a6e9aef0-ea77-465c-9cbf-65f95cbf6e37" />
      <TestMethod codeBase="C:\Code\C#\GenAl_Console_LLM_AutoTest_CI_CD\UnitTest\bin\Release\net8.0\UnitTest.dll" adapterTypeName="executor://xunit/VsTestRunner3/netcore/" className="CalculatorTests" name="Add_PositiveAndNegativeNumbers_ReturnsCorrectSum" />
    </UnitTest>
    <UnitTest name="CalculatorTests.Add_TwoNegativeNumbers_ReturnsCorrectSum" storage="c:\code\c#\genal_console_llm_autotest_ci_cd\unittest\bin\release\net8.0\unittest.dll" id="ae18abb5-d087-311c-c0f9-81a94a511e0e">
      <Execution id="fcd82a39-2162-4d6c-b7c6-e8873a7d2d0c" />
      <TestMethod codeBase="C:\Code\C#\GenAl_Console_LLM_AutoTest_CI_CD\UnitTest\bin\Release\net8.0\UnitTest.dll" adapterTypeName="executor://xunit/VsTestRunner3/netcore/" className="CalculatorTests" name="Add_TwoNegativeNumbers_ReturnsCorrectSum" />
    </UnitTest>
  </TestDefinitions>
  <TestEntries>
    <TestEntry testId="190cb0aa-e4fe-b785-d1d6-4299927c8964" executionId="a6e9aef0-ea77-465c-9cbf-65f95cbf6e37" testListId="8c84fa94-04c1-424b-9868-57a2d4851a1d" />
    <TestEntry testId="bd674f13-82e0-2102-e116-f4214d1e84c4" executionId="334abb4d-b61d-46a5-b77c-c094378c06e3" testListId="8c84fa94-04c1-424b-9868-57a2d4851a1d" />
    <TestEntry testId="ae18abb5-d087-311c-c0f9-81a94a511e0e" executionId="fcd82a39-2162-4d6c-b7c6-e8873a7d2d0c" testListId="8c84fa94-04c1-424b-9868-57a2d4851a1d" />
  </TestEntries>
  <TestLists>
    <TestList name="Results Not in a List" id="8c84fa94-04c1-424b-9868-57a2d4851a1d" />
    <TestList name="All Loaded Results" id="19431567-8539-422a-85d7-44ee4e166bda" />
  </TestLists>
  <ResultSummary outcome="Completed">
    <Counters total="3" executed="3" passed="3" failed="0" error="0" timeout="0" aborted="0" inconclusive="0" passedButRunAborted="0" notRunnable="0" notExecuted="0" disconnected="0" warning="0" completed="0" inProgress="0" pending="0" />
    <Output>
      <StdOut>[xUnit.net 00:00:00.00] xUnit.net VSTest Adapter v3.0.2+dd36e86129 (64-bit .NET 8.0.27)&#xD;
[xUnit.net 00:00:00.06]   Discovering: UnitTest&#xD;
[xUnit.net 00:00:00.08]   Discovered:  UnitTest&#xD;
[xUnit.net 00:00:00.10]   Starting:    UnitTest&#xD;
[xUnit.net 00:00:00.17]   Finished:    UnitTest&#xD;
</StdOut>
    </Output>
    <RunInfos>
      <RunInfo computerName="ASUS" outcome="Warning" timestamp="2026-06-09T11:32:20.1097978+07:00">
        <Text>Data collection : Unable to find a datacollector with friendly name 'XPlat Code Coverage'.</Text>
      </RunInfo>
      <RunInfo computerName="ASUS" outcome="Warning" timestamp="2026-06-09T11:32:20.1100338+07:00">
        <Text>Data collection : Could not find data collector 'XPlat Code Coverage'</Text>
      </RunInfo>
    </RunInfos>
  </ResultSummary>
</TestRun>